2018-08-17 03:48:05,250 [main] INFO               io.vertx.up.web.ZeroAmbient - [ ZERO ] The raw data ( node = inject ) has been detected plugin ( logger = io.vertx.zero.log.internal.Log4JAnnal )
2018-08-17 03:48:05,255 [main] INFO               io.vertx.up.web.ZeroAmbient - [ ZERO ] The raw data ( node = inject ) has been detected plugin ( jooq = io.vertx.tp.plugin.jooq.JooqInfix )
2018-08-17 03:50:08,430 [main] INFO               io.vertx.up.web.ZeroAmbient - [ ZERO ] The raw data ( node = inject ) has been detected plugin ( logger = io.vertx.zero.log.internal.Log4JAnnal )
2018-08-17 03:50:08,433 [main] INFO               io.vertx.up.web.ZeroAmbient - [ ZERO ] The raw data ( node = inject ) has been detected plugin ( jooq = io.vertx.tp.plugin.jooq.JooqInfix )
2018-08-17 03:50:09,127 [vert.x-eventloop-thread-0] INFO                    io.vertx.up.aiki.Query - [ ZERO ] ( Inquiry ) Processed metadata = {"pager":{"page":1,"size":10},"projection":[],"sorter":["updateTime,DESC"],"criteria":{"sigma":"ENhwBAJPZuSgIAE5EDakR6yrIQbOoOPq","":true,"name,s":"app","$1":{"code,s":"app"}},"sig":"20D1B45F70DDF631ED395B4C041F9E284DE5B23ACCAB276F713944843603EDD9D824194D3456F08065116F5C4653696A333E1D2300DAC75F9FCAE3A8E2099DCE"}.
2018-08-17 03:50:09,136 [vert.x-eventloop-thread-0] INFO              io.vertx.up.atom.query.QTree - [ ZERO ] Connect operator selected: "AND" when parsing query tree.
2018-08-17 03:50:09,136 [vert.x-eventloop-thread-0] INFO              io.vertx.up.atom.query.QTree - [ ZERO ] Connect operator selected: "OR" when parsing query tree.
2018-08-17 03:50:09,137 [vert.x-eventloop-thread-0] INFO              io.vertx.up.atom.query.QTree - [ ZERO ] Linear keys = "[code,s]", Tree keys = "[]" in current level scanning.
2018-08-17 03:50:09,139 [vert.x-eventloop-thread-0] INFO              io.vertx.up.atom.query.QTree - [ ZERO ] Linear keys = "[sigma, name,s]", Tree keys = "[$1]" in current level scanning.
2018-08-17 03:51:07,283 [main] INFO               io.vertx.up.web.ZeroAmbient - [ ZERO ] The raw data ( node = inject ) has been detected plugin ( logger = io.vertx.zero.log.internal.Log4JAnnal )
2018-08-17 03:51:07,287 [main] INFO               io.vertx.up.web.ZeroAmbient - [ ZERO ] The raw data ( node = inject ) has been detected plugin ( jooq = io.vertx.tp.plugin.jooq.JooqInfix )
2018-08-17 03:51:08,007 [vert.x-eventloop-thread-0] INFO                    io.vertx.up.aiki.Query - [ ZERO ] ( Inquiry ) Processed metadata = {"pager":{"page":1,"size":10},"projection":[],"sorter":["updateTime,DESC"],"criteria":{"sigma":"ENhwBAJPZuSgIAE5EDakR6yrIQbOoOPq","":true,"name,s":"app","$1":{"code,s":"app"}},"sig":"20D1B45F70DDF631ED395B4C041F9E284DE5B23ACCAB276F713944843603EDD9D824194D3456F08065116F5C4653696A333E1D2300DAC75F9FCAE3A8E2099DCE"}.
2018-08-17 03:51:08,015 [vert.x-eventloop-thread-0] INFO              io.vertx.up.atom.query.QTree - [ ZERO ] Connect operator selected: "AND" when parsing query tree.
2018-08-17 03:51:08,016 [vert.x-eventloop-thread-0] INFO              io.vertx.up.atom.query.QTree - [ ZERO ] Connect operator selected: "OR" when parsing query tree.
2018-08-17 03:51:08,016 [vert.x-eventloop-thread-0] INFO              io.vertx.up.atom.query.QTree - [ ZERO ] Linear keys = "[code,s]", Tree keys = "[]" in current level scanning.
2018-08-17 03:51:08,018 [vert.x-eventloop-thread-0] INFO              io.vertx.up.atom.query.QTree - [ ZERO ] Linear keys = "[sigma, name,s]", Tree keys = "[$1]" in current level scanning.
2018-08-17 03:51:08,177 [vert.x-worker-thread-0] INFO              io.vertx.up.atom.query.QTree - [ ZERO ] Connect operator selected: "AND" when parsing query tree.
2018-08-17 03:51:08,177 [vert.x-worker-thread-0] INFO              io.vertx.up.atom.query.QTree - [ ZERO ] Connect operator selected: "OR" when parsing query tree.
2018-08-17 03:51:08,177 [vert.x-worker-thread-0] INFO              io.vertx.up.atom.query.QTree - [ ZERO ] Linear keys = "[code,s]", Tree keys = "[]" in current level scanning.
2018-08-17 03:51:08,177 [vert.x-worker-thread-0] INFO              io.vertx.up.atom.query.QTree - [ ZERO ] Linear keys = "[sigma, name,s]", Tree keys = "[$1]" in current level scanning.
2018-08-17 03:51:08,178 [vert.x-worker-thread-0] INFO                 io.vertx.up.aiki.JooqCond - [ ZERO ] ( Query ) Mode selected TREE, filters raw = {"sigma":"ENhwBAJPZuSgIAE5EDakR6yrIQbOoOPq","":true,"name,s":"app","$1":{"code,s":"app"}}
2018-08-17 03:51:08,199 [vert.x-worker-thread-0] WARN             io.vertx.up.aiki.JooqAnalyzer - io.vertx.zero.exception.JooqFieldMissingException: [ERR-40059] (UxJooq) ZeroException occus: (Jooq) The field = "sigma" could not be found in type = "com.htl.domain.tables.pojos.SysApp".
2018-08-17 03:51:08,200 [vert.x-eventloop-thread-0] WARN                    io.vertx.up.aiki.Async - java.util.concurrent.CompletionException: io.vertx.zero.exception.JooqFieldMissingException: [ERR-40059] (UxJooq) ZeroException occus: (Jooq) The field = "sigma" could not be found in type = "com.htl.domain.tables.pojos.SysApp".
2018-08-17 03:51:51,344 [main] INFO               io.vertx.up.web.ZeroAmbient - [ ZERO ] The raw data ( node = inject ) has been detected plugin ( logger = io.vertx.zero.log.internal.Log4JAnnal )
2018-08-17 03:51:51,349 [main] INFO               io.vertx.up.web.ZeroAmbient - [ ZERO ] The raw data ( node = inject ) has been detected plugin ( jooq = io.vertx.tp.plugin.jooq.JooqInfix )
2018-08-17 03:51:52,048 [vert.x-eventloop-thread-0] INFO                    io.vertx.up.aiki.Query - [ ZERO ] ( Inquiry ) Processed metadata = {"pager":{"page":1,"size":10},"projection":[],"sorter":["updateTime,DESC"],"criteria":{"sigma":"ENhwBAJPZuSgIAE5EDakR6yrIQbOoOPq","":true,"name,s":"app","$1":{"code,s":"app"}},"sig":"20D1B45F70DDF631ED395B4C041F9E284DE5B23ACCAB276F713944843603EDD9D824194D3456F08065116F5C4653696A333E1D2300DAC75F9FCAE3A8E2099DCE"}.
2018-08-17 03:51:52,054 [vert.x-eventloop-thread-0] INFO              io.vertx.up.atom.query.QTree - [ ZERO ] Connect operator selected: "AND" when parsing query tree.
2018-08-17 03:51:52,054 [vert.x-eventloop-thread-0] INFO              io.vertx.up.atom.query.QTree - [ ZERO ] Connect operator selected: "OR" when parsing query tree.
2018-08-17 03:51:52,054 [vert.x-eventloop-thread-0] INFO              io.vertx.up.atom.query.QTree - [ ZERO ] Linear keys = "[code,s]", Tree keys = "[]" in current level scanning.
2018-08-17 03:51:52,056 [vert.x-eventloop-thread-0] INFO              io.vertx.up.atom.query.QTree - [ ZERO ] Linear keys = "[sigma, name,s]", Tree keys = "[$1]" in current level scanning.
2018-08-17 03:51:52,210 [vert.x-worker-thread-0] INFO              io.vertx.up.atom.query.QTree - [ ZERO ] Connect operator selected: "AND" when parsing query tree.
2018-08-17 03:51:52,210 [vert.x-worker-thread-0] INFO              io.vertx.up.atom.query.QTree - [ ZERO ] Connect operator selected: "OR" when parsing query tree.
2018-08-17 03:51:52,210 [vert.x-worker-thread-0] INFO              io.vertx.up.atom.query.QTree - [ ZERO ] Linear keys = "[code,s]", Tree keys = "[]" in current level scanning.
2018-08-17 03:51:52,210 [vert.x-worker-thread-0] INFO              io.vertx.up.atom.query.QTree - [ ZERO ] Linear keys = "[sigma, name,s]", Tree keys = "[$1]" in current level scanning.
2018-08-17 03:51:52,211 [vert.x-worker-thread-0] INFO                 io.vertx.up.aiki.JooqCond - [ ZERO ] ( Query ) Mode selected TREE, filters raw = {"sigma":"ENhwBAJPZuSgIAE5EDakR6yrIQbOoOPq","":true,"name,s":"app","$1":{"code,s":"app"}}
2018-08-17 03:51:52,231 [vert.x-worker-thread-0] WARN             io.vertx.up.aiki.JooqAnalyzer - io.vertx.zero.exception.JooqFieldMissingException: [ERR-40059] (UxJooq) ZeroException occus: (Jooq) The field = "" could not be found in type = "com.htl.domain.tables.pojos.SysApp".
2018-08-17 03:51:52,232 [vert.x-eventloop-thread-0] WARN                    io.vertx.up.aiki.Async - java.util.concurrent.CompletionException: io.vertx.zero.exception.JooqFieldMissingException: [ERR-40059] (UxJooq) ZeroException occus: (Jooq) The field = "" could not be found in type = "com.htl.domain.tables.pojos.SysApp".
2018-08-17 03:54:21,046 [main] INFO               io.vertx.up.web.ZeroAmbient - [ ZERO ] The raw data ( node = inject ) has been detected plugin ( logger = io.vertx.zero.log.internal.Log4JAnnal )
2018-08-17 03:54:21,050 [main] INFO               io.vertx.up.web.ZeroAmbient - [ ZERO ] The raw data ( node = inject ) has been detected plugin ( jooq = io.vertx.tp.plugin.jooq.JooqInfix )
2018-08-17 03:54:21,778 [vert.x-eventloop-thread-0] INFO                    io.vertx.up.aiki.Query - [ ZERO ] ( Inquiry ) Processed metadata = {"pager":{"page":1,"size":10},"projection":[],"sorter":["updateTime,DESC"],"criteria":{"sigma":"ENhwBAJPZuSgIAE5EDakR6yrIQbOoOPq","":true,"name,s":"app","$1":{"code,s":"app"}},"sig":"20D1B45F70DDF631ED395B4C041F9E284DE5B23ACCAB276F713944843603EDD9D824194D3456F08065116F5C4653696A333E1D2300DAC75F9FCAE3A8E2099DCE"}.
2018-08-17 03:54:21,787 [vert.x-eventloop-thread-0] INFO              io.vertx.up.atom.query.QTree - [ ZERO ] Connect operator selected: "AND" when parsing query tree.
2018-08-17 03:54:21,787 [vert.x-eventloop-thread-0] INFO              io.vertx.up.atom.query.QTree - [ ZERO ] Connect operator selected: "OR" when parsing query tree.
2018-08-17 03:54:21,787 [vert.x-eventloop-thread-0] INFO              io.vertx.up.atom.query.QTree - [ ZERO ] Linear keys = "[code,s]", Tree keys = "[]" in current level scanning.
2018-08-17 03:54:21,790 [vert.x-eventloop-thread-0] INFO              io.vertx.up.atom.query.QTree - [ ZERO ] Linear keys = "[sigma, name,s]", Tree keys = "[$1]" in current level scanning.
2018-08-17 03:54:21,929 [vert.x-worker-thread-0] INFO              io.vertx.up.atom.query.QTree - [ ZERO ] Connect operator selected: "AND" when parsing query tree.
2018-08-17 03:54:21,929 [vert.x-worker-thread-0] INFO              io.vertx.up.atom.query.QTree - [ ZERO ] Connect operator selected: "OR" when parsing query tree.
2018-08-17 03:54:21,929 [vert.x-worker-thread-0] INFO              io.vertx.up.atom.query.QTree - [ ZERO ] Linear keys = "[code,s]", Tree keys = "[]" in current level scanning.
2018-08-17 03:54:21,929 [vert.x-worker-thread-0] INFO              io.vertx.up.atom.query.QTree - [ ZERO ] Linear keys = "[sigma, name,s]", Tree keys = "[$1]" in current level scanning.
2018-08-17 03:54:21,930 [vert.x-worker-thread-0] INFO                 io.vertx.up.aiki.JooqCond - [ ZERO ] ( Query ) Mode selected TREE, filters raw = {"sigma":"ENhwBAJPZuSgIAE5EDakR6yrIQbOoOPq","":true,"name,s":"app","$1":{"code,s":"app"}}
2018-08-17 03:54:21,960 [vert.x-worker-thread-0] INFO                 io.vertx.up.aiki.JooqCond - [ ZERO ] ( Jooq -> Condition ) Parsed result is condition = 
(
  S_CODE like ('app' || '%') escape '!'
  and Z_SIGMA = 'ENhwBAJPZuSgIAE5EDakR6yrIQbOoOPq'
  and S_NAME like ('app' || '%') escape '!'
).
2018-08-17 03:54:22,074 [vert.x-worker-thread-1] INFO              io.vertx.up.atom.query.QTree - [ ZERO ] Connect operator selected: "AND" when parsing query tree.
2018-08-17 03:54:22,075 [vert.x-worker-thread-1] INFO              io.vertx.up.atom.query.QTree - [ ZERO ] Connect operator selected: "OR" when parsing query tree.
2018-08-17 03:54:22,075 [vert.x-worker-thread-1] INFO              io.vertx.up.atom.query.QTree - [ ZERO ] Linear keys = "[code,s]", Tree keys = "[]" in current level scanning.
2018-08-17 03:54:22,075 [vert.x-worker-thread-1] INFO              io.vertx.up.atom.query.QTree - [ ZERO ] Linear keys = "[sigma, name,s]", Tree keys = "[$1]" in current level scanning.
2018-08-17 03:54:22,075 [vert.x-worker-thread-1] INFO                 io.vertx.up.aiki.JooqCond - [ ZERO ] ( Query ) Mode selected TREE, filters raw = {"sigma":"ENhwBAJPZuSgIAE5EDakR6yrIQbOoOPq","":true,"name,s":"app","$1":{"code,s":"app"}}
2018-08-17 03:54:22,076 [vert.x-worker-thread-1] INFO                 io.vertx.up.aiki.JooqCond - [ ZERO ] ( Jooq -> Condition ) Parsed result is condition = 
(
  S_CODE like ('app' || '%') escape '!'
  and Z_SIGMA = 'ENhwBAJPZuSgIAE5EDakR6yrIQbOoOPq'
  and S_NAME like ('app' || '%') escape '!'
).
2018-08-17 03:55:01,278 [main] INFO               io.vertx.up.web.ZeroAmbient - [ ZERO ] The raw data ( node = inject ) has been detected plugin ( logger = io.vertx.zero.log.internal.Log4JAnnal )
2018-08-17 03:55:01,282 [main] INFO               io.vertx.up.web.ZeroAmbient - [ ZERO ] The raw data ( node = inject ) has been detected plugin ( jooq = io.vertx.tp.plugin.jooq.JooqInfix )
2018-08-17 03:55:01,983 [vert.x-eventloop-thread-0] INFO                    io.vertx.up.aiki.Query - [ ZERO ] ( Inquiry ) Processed metadata = {"pager":{"page":1,"size":10},"projection":[],"sorter":["updateTime,DESC"],"criteria":{"sigma":"ENhwBAJPZuSgIAE5EDakR6yrIQbOoOPq","":true,"name,s":"app","$1":{"code,s":"app","code,e":"test"}},"sig":"20D1B45F70DDF631ED395B4C041F9E284DE5B23ACCAB276F713944843603EDD9D824194D3456F08065116F5C4653696A333E1D2300DAC75F9FCAE3A8E2099DCE"}.
2018-08-17 03:55:01,989 [vert.x-eventloop-thread-0] INFO              io.vertx.up.atom.query.QTree - [ ZERO ] Connect operator selected: "AND" when parsing query tree.
2018-08-17 03:55:01,989 [vert.x-eventloop-thread-0] INFO              io.vertx.up.atom.query.QTree - [ ZERO ] Connect operator selected: "OR" when parsing query tree.
2018-08-17 03:55:01,989 [vert.x-eventloop-thread-0] INFO              io.vertx.up.atom.query.QTree - [ ZERO ] Linear keys = "[code,e, code,s]", Tree keys = "[]" in current level scanning.
2018-08-17 03:55:01,991 [vert.x-eventloop-thread-0] INFO              io.vertx.up.atom.query.QTree - [ ZERO ] Linear keys = "[sigma, name,s]", Tree keys = "[$1]" in current level scanning.
2018-08-17 03:55:02,136 [vert.x-worker-thread-0] INFO              io.vertx.up.atom.query.QTree - [ ZERO ] Connect operator selected: "AND" when parsing query tree.
2018-08-17 03:55:02,142 [vert.x-worker-thread-0] INFO              io.vertx.up.atom.query.QTree - [ ZERO ] Connect operator selected: "OR" when parsing query tree.
2018-08-17 03:55:02,142 [vert.x-worker-thread-0] INFO              io.vertx.up.atom.query.QTree - [ ZERO ] Linear keys = "[code,e, code,s]", Tree keys = "[]" in current level scanning.
2018-08-17 03:55:02,142 [vert.x-worker-thread-0] INFO              io.vertx.up.atom.query.QTree - [ ZERO ] Linear keys = "[sigma, name,s]", Tree keys = "[$1]" in current level scanning.
2018-08-17 03:55:02,143 [vert.x-worker-thread-0] INFO                 io.vertx.up.aiki.JooqCond - [ ZERO ] ( Query ) Mode selected TREE, filters raw = {"sigma":"ENhwBAJPZuSgIAE5EDakR6yrIQbOoOPq","":true,"name,s":"app","$1":{"code,s":"app","code,e":"test"}}
2018-08-17 03:55:02,162 [vert.x-worker-thread-0] INFO                 io.vertx.up.aiki.JooqCond - [ ZERO ] ( Jooq -> Condition ) Parsed result is condition = 
(
  (
    S_CODE like ('app' || '%') escape '!'
    or S_CODE like ('%' || 'test') escape '!'
  )
  and Z_SIGMA = 'ENhwBAJPZuSgIAE5EDakR6yrIQbOoOPq'
  and S_NAME like ('app' || '%') escape '!'
).
2018-08-17 03:55:02,270 [vert.x-worker-thread-1] INFO              io.vertx.up.atom.query.QTree - [ ZERO ] Connect operator selected: "AND" when parsing query tree.
2018-08-17 03:55:02,271 [vert.x-worker-thread-1] INFO              io.vertx.up.atom.query.QTree - [ ZERO ] Connect operator selected: "OR" when parsing query tree.
2018-08-17 03:55:02,271 [vert.x-worker-thread-1] INFO              io.vertx.up.atom.query.QTree - [ ZERO ] Linear keys = "[code,e, code,s]", Tree keys = "[]" in current level scanning.
2018-08-17 03:55:02,271 [vert.x-worker-thread-1] INFO              io.vertx.up.atom.query.QTree - [ ZERO ] Linear keys = "[sigma, name,s]", Tree keys = "[$1]" in current level scanning.
2018-08-17 03:55:02,271 [vert.x-worker-thread-1] INFO                 io.vertx.up.aiki.JooqCond - [ ZERO ] ( Query ) Mode selected TREE, filters raw = {"sigma":"ENhwBAJPZuSgIAE5EDakR6yrIQbOoOPq","":true,"name,s":"app","$1":{"code,s":"app","code,e":"test"}}
2018-08-17 03:55:02,272 [vert.x-worker-thread-1] INFO                 io.vertx.up.aiki.JooqCond - [ ZERO ] ( Jooq -> Condition ) Parsed result is condition = 
(
  (
    S_CODE like ('app' || '%') escape '!'
    or S_CODE like ('%' || 'test') escape '!'
  )
  and Z_SIGMA = 'ENhwBAJPZuSgIAE5EDakR6yrIQbOoOPq'
  and S_NAME like ('app' || '%') escape '!'
).
